
Disk Usage
Filesystem      Size  Used Avail Use% Mounted on
overlay          29G  4.7G   25G  17% /
tmpfs            64M     0   64M   0% /dev
tmpfs            64M  876K   64M   2% /run
tmpfs           4.0M     0  4.0M   0% /run/lock
shm              64M     0   64M   0% /dev/shm
/dev/root        29G  4.7G   25G  17% /var/log/amazon/ssm
tmpfs           1.9G     0  1.9G   0% /proc/acpi
tmpfs           1.9G     0  1.9G   0% /proc/scsi
tmpfs           1.9G     0  1.9G   0% /sys/firmware
tmpfs            52M  8.0K   52M   1% /run/user/1001
Recently Installed Security Patches
Listing...
adduser/noble,now 3.137ubuntu1 all [installed,automatic]
apt/noble,now 2.7.14build2 amd64 [installed]
base-files/noble,now 13ubuntu10 amd64 [installed,upgradable to: 13ubuntu10.1]
base-passwd/noble,now 3.6.3build1 amd64 [installed]
bash/noble,now 5.2.21-2ubuntu4 amd64 [installed]
bc/noble,now 1.07.1-3ubuntu4 amd64 [installed]
bsdutils/noble-updates,now 1:2.39.3-9ubuntu6.1 amd64 [installed]
ca-certificates/noble,now 20240203 all [installed,automatic]
coreutils/noble,now 9.4-3ubuntu6 amd64 [installed]
cpio/noble,now 2.15+dfsg-1ubuntu2 amd64 [installed,automatic]
curl/now 8.5.0-2ubuntu10.3 amd64 [installed,upgradable to: 8.5.0-2ubuntu10.4]
dash/noble,now 0.5.12-6ubuntu5 amd64 [installed]
dbus-bin/noble-updates,now 1.14.10-4ubuntu4.1 amd64 [installed,automatic]
dbus-daemon/noble-updates,now 1.14.10-4ubuntu4.1 amd64 [installed,automatic]
dbus-session-bus-common/noble-updates,now 1.14.10-4ubuntu4.1 all [installed,automatic]
dbus-system-bus-common/noble-updates,now 1.14.10-4ubuntu4.1 all [installed,automatic]
dbus-user-session/noble-updates,now 1.14.10-4ubuntu4.1 amd64 [installed,automatic]
dbus/noble-updates,now 1.14.10-4ubuntu4.1 amd64 [installed,automatic]
debconf/noble,now 1.5.86ubuntu1 all [installed]
debianutils/noble,now 5.17build1 amd64 [installed]
diffutils/noble,now 1:3.10-1build1 amd64 [installed]
dmsetup/noble,now 2:1.02.185-3ubuntu3 amd64 [installed,upgradable to: 2:1.02.185-3ubuntu3.1]
dpkg/noble,now 1.22.6ubuntu6 amd64 [installed,upgradable to: 1.22.6ubuntu6.1]
e2fsprogs/noble,now 1.47.0-2.4~exp1ubuntu4 amd64 [installed,upgradable to: 1.47.0-2.4~exp1ubuntu4.1]
findutils/noble,now 4.9.0-5build1 amd64 [installed]
gcc-14-base/noble,now 14-20240412-0ubuntu1 amd64 [installed,upgradable to: 14.2.0-4ubuntu2~24.04]
gir1.2-girepository-2.0/noble,now 1.80.1-1 amd64 [installed,automatic]
gir1.2-glib-2.0/noble-updates,noble-security,now 2.80.0-6ubuntu3.1 amd64 [installed,automatic]
gpgv/noble,now 2.4.4-2ubuntu17 amd64 [installed]
grep/noble,now 3.11-4build1 amd64 [installed]
gsasl-common/noble,now 2.2.1-1willsync1build2 all [installed,automatic]
guile-3.0-libs/noble,now 3.0.9-1build2 amd64 [installed,automatic]
gzip/noble,now 1.12-1ubuntu3 amd64 [installed]
hostname/noble,now 3.23+nmu2ubuntu2 amd64 [installed]
init-system-helpers/noble,now 1.66ubuntu1 all [installed]
iputils-ping/noble,now 3:20240117-1build1 amd64 [installed]
jq/noble,now 1.7.1-3build1 amd64 [installed]
krb5-locales/noble-updates,noble-security,now 1.20.1-6ubuntu2.1 all [installed,automatic]
libacl1/noble,now 2.3.2-1build1 amd64 [installed]
libapparmor1/now 4.0.1really4.0.0-beta3-0ubuntu0.1 amd64 [installed,upgradable to: 4.0.1really4.0.1-0ubuntu0.24.04.3]
libapt-pkg6.0t64/noble,now 2.7.14build2 amd64 [installed]
libargon2-1/noble,now 0~20190702+dfsg-4build1 amd64 [installed,automatic]
libassuan0/noble,now 2.5.6-1build1 amd64 [installed]
libattr1/noble,now 1:2.5.2-1build1 amd64 [installed]
libaudit-common/noble,now 1:3.1.2-2.1build1 all [installed]
libaudit1/noble,now 1:3.1.2-2.1build1 amd64 [installed]
libblkid1/noble-updates,now 2.39.3-9ubuntu6.1 amd64 [installed]
libbrotli1/noble,now 1.1.0-2build2 amd64 [installed,automatic]
libbsd0/noble,now 0.12.1-1build1 amd64 [installed,automatic]
libbz2-1.0/noble,now 1.0.8-5.1 amd64 [installed,upgradable to: 1.0.8-5.1build0.1]
libc-bin/now 2.39-0ubuntu8.2 amd64 [installed,upgradable to: 2.39-0ubuntu8.3]
libc6/now 2.39-0ubuntu8.2 amd64 [installed,upgradable to: 2.39-0ubuntu8.3]
libcap-ng0/noble,now 0.8.4-2build2 amd64 [installed]
libcap2-bin/noble,now 1:2.66-5ubuntu2 amd64 [installed,automatic]
libcap2/noble,now 1:2.66-5ubuntu2 amd64 [installed]
libcbor0.10/noble,now 0.10.2-1.2ubuntu2 amd64 [installed,automatic]
libcom-err2/noble,now 1.47.0-2.4~exp1ubuntu4 amd64 [installed,upgradable to: 1.47.0-2.4~exp1ubuntu4.1]
libcrypt1/noble,now 1:4.4.36-4build1 amd64 [installed]
libcryptsetup12/noble,now 2:2.7.0-1ubuntu4 amd64 [installed,upgradable to: 2:2.7.0-1ubuntu4.1]
libcurl4t64/now 8.5.0-2ubuntu10.3 amd64 [installed,upgradable to: 8.5.0-2ubuntu10.4]
libdb5.3t64/noble,now 5.3.28+dfsg2-7 amd64 [installed,automatic]
libdbus-1-3/noble-updates,now 1.14.10-4ubuntu4.1 amd64 [installed,automatic]
libdebconfclient0/noble,now 0.271ubuntu3 amd64 [installed]
libdevmapper1.02.1/noble,now 2:1.02.185-3ubuntu3 amd64 [installed,upgradable to: 2:1.02.185-3ubuntu3.1]
libedit2/noble,now 3.1-20230828-1build1 amd64 [installed,automatic]
libevent-core-2.1-7t64/noble,now 2.1.12-stable-9ubuntu2 amd64 [installed,automatic]
libexpat1/noble,now 2.6.1-2build1 amd64 [installed,upgradable to: 2.6.1-2ubuntu0.1]
libext2fs2t64/noble,now 1.47.0-2.4~exp1ubuntu4 amd64 [installed,upgradable to: 1.47.0-2.4~exp1ubuntu4.1]
libfdisk1/noble-updates,now 2.39.3-9ubuntu6.1 amd64 [installed,automatic]
libffi8/noble,now 3.4.6-1build1 amd64 [installed]
libfido2-1/noble,now 1.14.0-1build3 amd64 [installed,automatic]
libfribidi0/noble,now 1.0.13-3build1 amd64 [installed,automatic]
libgc1/noble,now 1:8.2.6-1build1 amd64 [installed,automatic]
libgcc-s1/noble,now 14-20240412-0ubuntu1 amd64 [installed,upgradable to: 14.2.0-4ubuntu2~24.04]
libgcrypt20/noble,now 1.10.3-2build1 amd64 [installed]
libgirepository-1.0-1/noble,now 1.80.1-1 amd64 [installed,automatic]
libglib2.0-0t64/noble-updates,noble-security,now 2.80.0-6ubuntu3.1 amd64 [installed,automatic]
libglib2.0-data/noble-updates,noble-security,now 2.80.0-6ubuntu3.1 all [installed,automatic]
libgmp10/noble,now 2:6.3.0+dfsg-2ubuntu6 amd64 [installed]
libgnutls30t64/noble-security,now 3.8.3-1.1ubuntu3.1 amd64 [installed,upgradable to: 3.8.3-1.1ubuntu3.2]
libgpg-error0/noble,now 1.47-3build2 amd64 [installed]
libgpm2/noble,now 1.20.7-11 amd64 [installed,automatic]
libgsasl18/noble,now 2.2.1-1willsync1build2 amd64 [installed,automatic]
libgssapi-krb5-2/noble-updates,noble-security,now 1.20.1-6ubuntu2.1 amd64 [installed,automatic]
libgssglue1/noble,now 0.9-1build1 amd64 [installed,automatic]
libhogweed6t64/noble,now 3.9.1-2.2build1 amd64 [installed,upgradable to: 3.9.1-2.2build1.1]
libicu74/noble-updates,now 74.2-1ubuntu3.1 amd64 [installed,automatic]
libidn12/noble,now 1.42-1build1 amd64 [installed,automatic]
libidn2-0/noble,now 2.3.7-2build1 amd64 [installed]
libjq1/noble,now 1.7.1-3build1 amd64 [installed,automatic]
libjson-c5/noble,now 0.17-1build1 amd64 [installed,automatic]
libk5crypto3/noble-updates,noble-security,now 1.20.1-6ubuntu2.1 amd64 [installed,automatic]
libkeyutils1/noble,now 1.6.3-3build1 amd64 [installed,automatic]
libkmod2/noble,now 31+20240202-2ubuntu7 amd64 [installed,automatic]
libkrb5-3/noble-updates,noble-security,now 1.20.1-6ubuntu2.1 amd64 [installed,automatic]
libkrb5support0/noble-updates,noble-security,now 1.20.1-6ubuntu2.1 amd64 [installed,automatic]
libldap-common/noble,now 2.6.7+dfsg-1~exp1ubuntu8 all [installed,automatic]
libldap2/noble,now 2.6.7+dfsg-1~exp1ubuntu8 amd64 [installed,automatic]
libltdl7/noble,now 2.4.7-7build1 amd64 [installed,automatic]
liblz4-1/noble,now 1.9.4-1build1 amd64 [installed,upgradable to: 1.9.4-1build1.1]
liblzma5/noble-updates,now 5.6.1+really5.4.5-1build0.1 amd64 [installed]
libmailutils9t64/noble,now 1:3.17-1.1build3 amd64 [installed,automatic]
libmd0/noble,now 1.1.0-2build1 amd64 [installed]
libmount1/noble-updates,now 2.39.3-9ubuntu6.1 amd64 [installed]
libmysqlclient21/noble-updates,now 8.0.39-0ubuntu0.24.04.2 amd64 [installed,automatic]
libncurses6/noble,now 6.4+20240113-1ubuntu2 amd64 [installed,automatic]
libncursesw6/noble,now 6.4+20240113-1ubuntu2 amd64 [installed]
libnettle8t64/noble,now 3.9.1-2.2build1 amd64 [installed,upgradable to: 3.9.1-2.2build1.1]
libnghttp2-14/noble-updates,noble-security,now 1.59.0-1ubuntu0.1 amd64 [installed,automatic]
libnpth0t64/noble,now 1.6-3.1build1 amd64 [installed]
libnsl2/noble,now 1.3.0-3build3 amd64 [installed,automatic]
libnss-systemd/noble-updates,now 255.4-1ubuntu8.4 amd64 [installed,automatic]
libntlm0/noble,now 1.7-1build1 amd64 [installed,automatic]
libonig5/noble,now 6.9.9-1build1 amd64 [installed,automatic]
libp11-kit0/noble,now 0.25.3-4ubuntu2 amd64 [installed,upgradable to: 0.25.3-4ubuntu2.1]
libpam-cap/noble,now 1:2.66-5ubuntu2 amd64 [installed,automatic]
libpam-modules-bin/noble-updates,now 1.5.3-5ubuntu5.1 amd64 [installed]
libpam-modules/noble-updates,now 1.5.3-5ubuntu5.1 amd64 [installed]
libpam-runtime/noble-updates,now 1.5.3-5ubuntu5.1 all [installed]
libpam-systemd/noble-updates,now 255.4-1ubuntu8.4 amd64 [installed,automatic]
libpam0g/noble-updates,now 1.5.3-5ubuntu5.1 amd64 [installed]
libpcre2-8-0/noble,now 10.42-4ubuntu2 amd64 [installed]
libpq5/noble-updates,now 16.4-0ubuntu0.24.04.2 amd64 [installed,automatic]
libproc2-0/noble,now 2:4.0.4-4ubuntu3 amd64 [installed,upgradable to: 2:4.0.4-4ubuntu3.2]
libpsl5t64/noble,now 0.21.2-1.1build1 amd64 [installed,automatic]
libpython3-stdlib/noble-updates,now 3.12.3-0ubuntu2 amd64 [installed,automatic]
libpython3.12-minimal/now 3.12.3-1ubuntu0.1 amd64 [installed,upgradable to: 3.12.3-1ubuntu0.2]
libpython3.12-stdlib/now 3.12.3-1ubuntu0.1 amd64 [installed,upgradable to: 3.12.3-1ubuntu0.2]
libpython3.12t64/now 3.12.3-1ubuntu0.1 amd64 [installed,upgradable to: 3.12.3-1ubuntu0.2]
libreadline8t64/noble,now 8.2-4build1 amd64 [installed,automatic]
librtmp1/noble,now 2.4+20151223.gitfa8646d.1-2build7 amd64 [installed,automatic]
libsasl2-2/noble-updates,now 2.1.28+dfsg1-5ubuntu3.1 amd64 [installed,automatic]
libsasl2-modules-db/noble-updates,now 2.1.28+dfsg1-5ubuntu3.1 amd64 [installed,automatic]
libsasl2-modules/noble-updates,now 2.1.28+dfsg1-5ubuntu3.1 amd64 [installed,automatic]
libseccomp2/noble,now 2.5.5-1ubuntu3 amd64 [installed,upgradable to: 2.5.5-1ubuntu3.1]
libselinux1/noble,now 3.5-2ubuntu2 amd64 [installed]
libsemanage-common/noble,now 3.5-1build5 all [installed]
libsemanage2/noble,now 3.5-1build5 amd64 [installed]
libsensors-config/noble,now 1:3.6.0-9build1 all [installed,automatic]
libsensors5/noble,now 1:3.6.0-9build1 amd64 [installed,automatic]
libsepol2/noble,now 3.5-2build1 amd64 [installed]
libsmartcols1/noble-updates,now 2.39.3-9ubuntu6.1 amd64 [installed]
libsodium23/noble,now 1.0.18-1build3 amd64 [installed,automatic]
libsqlite3-0/noble,now 3.45.1-1ubuntu2 amd64 [installed,automatic]
libss2/noble,now 1.47.0-2.4~exp1ubuntu4 amd64 [installed,upgradable to: 1.47.0-2.4~exp1ubuntu4.1]
libssh-4/noble,now 0.10.6-2build2 amd64 [installed,automatic]
libssl3t64/now 3.0.13-0ubuntu3.3 amd64 [installed,upgradable to: 3.0.13-0ubuntu3.4]
libstdc++6/noble,now 14-20240412-0ubuntu1 amd64 [installed,upgradable to: 14.2.0-4ubuntu2~24.04]
libsystemd-shared/noble-updates,now 255.4-1ubuntu8.4 amd64 [installed,automatic]
libsystemd0/noble-updates,now 255.4-1ubuntu8.4 amd64 [installed]
libtasn1-6/noble,now 4.19.0-3build1 amd64 [installed]
libtinfo6/noble,now 6.4+20240113-1ubuntu2 amd64 [installed]
libtirpc-common/noble,now 1.3.4+ds-1.1build1 all [installed,automatic]
libtirpc3t64/noble,now 1.3.4+ds-1.1build1 amd64 [installed,automatic]
libudev1/noble-updates,now 255.4-1ubuntu8.4 amd64 [installed]
libunistring5/noble,now 1.1-2build1 amd64 [installed]
libutempter0/noble,now 1.2.1-3build1 amd64 [installed,automatic]
libuuid1/noble-updates,now 2.39.3-9ubuntu6.1 amd64 [installed]
libx11-6/noble,now 2:1.8.7-1build1 amd64 [installed,automatic]
libx11-data/noble,now 2:1.8.7-1build1 all [installed,automatic]
libxau6/noble,now 1:1.0.9-1build6 amd64 [installed,automatic]
libxcb1/noble,now 1.15-1ubuntu2 amd64 [installed,automatic]
libxdmcp6/noble,now 1:1.1.3-0ubuntu6 amd64 [installed,automatic]
libxext6/noble,now 2:1.3.4-1build2 amd64 [installed,automatic]
libxml2/noble,now 2.9.14+dfsg-1.3ubuntu3 amd64 [installed,automatic]
libxmuu1/noble,now 2:1.1.3-3build2 amd64 [installed,automatic]
libxxhash0/noble,now 0.8.2-2build1 amd64 [installed]
libzstd1/noble,now 1.5.5+dfsg2-2build1 amd64 [installed,upgradable to: 1.5.5+dfsg2-2build1.1]
login/noble,now 1:4.13+dfsg1-4ubuntu3 amd64 [installed,upgradable to: 1:4.13+dfsg1-4ubuntu3.2]
logsave/noble,now 1.47.0-2.4~exp1ubuntu4 amd64 [installed,upgradable to: 1.47.0-2.4~exp1ubuntu4.1]
mailutils-common/noble,now 1:3.17-1.1build3 all [installed,automatic]
mailutils/noble,now 1:3.17-1.1build3 amd64 [installed]
mawk/noble,now 1.3.4.20240123-1build1 amd64 [installed]
media-types/noble,now 10.1.0 all [installed,automatic]
mount/noble-updates,now 2.39.3-9ubuntu6.1 amd64 [installed]
mysql-common/noble,now 5.8+1.1.0build1 all [installed,automatic]
ncurses-base/noble,now 6.4+20240113-1ubuntu2 all [installed]
ncurses-bin/noble,now 6.4+20240113-1ubuntu2 amd64 [installed]
net-tools/noble,now 2.10-0.1ubuntu4 amd64 [installed]
netbase/noble,now 6.4 all [installed,automatic]
networkd-dispatcher/noble,now 2.2.4-1 all [installed,automatic]
openssh-client/noble-updates,now 1:9.6p1-3ubuntu13.5 amd64 [installed]
openssl/now 3.0.13-0ubuntu3.3 amd64 [installed,upgradable to: 3.0.13-0ubuntu3.4]
passwd/noble,now 1:4.13+dfsg1-4ubuntu3 amd64 [installed,upgradable to: 1:4.13+dfsg1-4ubuntu3.2]
perl-base/noble,now 5.38.2-3.2build2 amd64 [installed]
postfix/noble,now 3.8.6-1build2 amd64 [installed,automatic]
procps/noble,now 2:4.0.4-4ubuntu3 amd64 [installed,upgradable to: 2:4.0.4-4ubuntu3.2]
publicsuffix/noble,now 20231001.0357-0.1 all [installed,automatic]
python3-dbus/noble,now 1.3.2-5build3 amd64 [installed,automatic]
python3-gi/noble,now 3.48.2-1 amd64 [installed,automatic]
python3-minimal/noble-updates,now 3.12.3-0ubuntu2 amd64 [installed,automatic]
python3.12-minimal/now 3.12.3-1ubuntu0.1 amd64 [installed,upgradable to: 3.12.3-1ubuntu0.2]
python3.12/now 3.12.3-1ubuntu0.1 amd64 [installed,upgradable to: 3.12.3-1ubuntu0.2]
python3/noble-updates,now 3.12.3-0ubuntu2 amd64 [installed,automatic]
readline-common/noble,now 8.2-4build1 all [installed,automatic]
sed/noble,now 4.9-2build1 amd64 [installed]
sensible-utils/noble,now 0.0.22 all [installed]
shared-mime-info/noble,now 2.4-4 amd64 [installed,automatic]
ssl-cert/noble,now 1.1.2ubuntu1 all [installed,automatic]
sudo/noble,now 1.9.15p5-3ubuntu5 amd64 [installed]
sysstat/noble,now 12.6.1-2 amd64 [installed]
systemd-dev/noble-updates,now 255.4-1ubuntu8.4 all [installed,automatic]
systemd-resolved/noble-updates,now 255.4-1ubuntu8.4 amd64 [installed,automatic]
systemd-sysv/noble-updates,now 255.4-1ubuntu8.4 amd64 [installed]
systemd-timesyncd/noble-updates,now 255.4-1ubuntu8.4 amd64 [installed,automatic]
systemd/noble-updates,now 255.4-1ubuntu8.4 amd64 [installed]
sysvinit-utils/noble,now 3.08-6ubuntu3 amd64 [installed]
tar/noble,now 1.35+dfsg-3build1 amd64 [installed]
tmux/noble-updates,now 3.4-1ubuntu0.1 amd64 [installed]
tzdata/noble-updates,now 2024a-3ubuntu1.1 all [installed,automatic]
ubuntu-keyring/noble,now 2023.11.28.1 all [installed]
ucf/noble,now 3.0043+nmu1 all [installed,automatic]
unzip/noble,now 6.0-28ubuntu4 amd64 [installed,upgradable to: 6.0-28ubuntu4.1]
util-linux/noble-updates,now 2.39.3-9ubuntu6.1 amd64 [installed]
vim-common/now 2:9.1.0016-1ubuntu7.2 all [installed,upgradable to: 2:9.1.0016-1ubuntu7.3]
vim-runtime/now 2:9.1.0016-1ubuntu7.2 all [installed,upgradable to: 2:9.1.0016-1ubuntu7.3]
vim/now 2:9.1.0016-1ubuntu7.2 amd64 [installed,upgradable to: 2:9.1.0016-1ubuntu7.3]
wget/noble-updates,noble-security,now 1.21.4-1ubuntu4.1 amd64 [installed]
xauth/noble,now 1:1.1.2-1build1 amd64 [installed,automatic]
xdg-user-dirs/noble,now 0.18-1build1 amd64 [installed,automatic]
xxd/now 2:9.1.0016-1ubuntu7.2 amd64 [installed,upgradable to: 2:9.1.0016-1ubuntu7.3]
xz-utils/noble-updates,now 5.6.1+really5.4.5-1build0.1 amd64 [installed,automatic]
zlib1g/noble,now 1:1.3.dfsg-3.1ubuntu2 amd64 [installed,upgradable to: 1:1.3.dfsg-3.1ubuntu2.1]
user@6bd17d9c09bc:~$ grep "Uptime" /var/mail/janedoe 
grep: /var/mail/janedoe: Permission denied
user@6bd17d9c09bc:~$ sudo grep "Uptime" /var/mail/janedoe 
Uptime:  12:28:30 up 1 min,  1 user,  load average: 0.14, 0.10, 0.03
Uptime:  12:29:06 up 2 min,  1 user,  load average: 0.13, 0.10, 0.03
Uptime
Uptime
user@6bd17d9c09bc:~$ sudo grep "System Health Report" /var/mail/janedoe 
Subject: System Health Report
2024_10_22_12_28_30:: System Health Report
Subject: System Health Report
2024_10_22_12_29_06:: System Health Report
Subject: System Health Report
System Health Report
Subject: System Health Report
System Health Report
user@6bd17d9c09bc:~$ sudo grep "CPU and Memory Usage" /var/mail/janedoe 
CPU and Memory Usage: 
CPU and Memory Usage: 
CPU and Memory Usage 
CPU and Memory Usage 
user@6bd17d9c09bc:~$ sudo grep "Disk Usage" /var/mail/janedoe 
Disk Usage:
Disk Usage:
Disk Usage
Disk Usage
user@6bd17d9c09bc:~$ sudo rm /var/mail/janedoe 
user@6bd17d9c09bc:~$ sudo ./system_report.sh 
/var/log/system_health_report.html exists. Continue.

WARNING: apt does not have a stable CLI interface. Use with caution in scripts.

Sending system health report to janedoe...

Email sent.
Running Test 3: Email Delivery Check...
FAIL: Mailbox for janedoe does not exist.
user@6bd17d9c09bc:~$ sudo ./system_report.sh 
/var/log/system_health_report.html exists. Continue.

WARNING: apt does not have a stable CLI interface. Use with caution in scripts.

Sending system health report to janedoe...

Email sent.
Running Test 3: Email Delivery Check...
PASS: Email containing the system health report was sent to janedoe.
PASS: Email contains the keyword 'System Health Report'.
PASS: Email contains the keyword 'Uptime'.
PASS: Email contains the keyword 'CPU and Memory Usage'.
PASS: Email contains the keyword 'Disk Usage'.
PASS: Email contains the keyword 'Recently Installed Security Patches'.
user@6bd17d9c09bc:~$ sudo grep "Disk Usage" /var/mail/janedoe 
Disk Usage
Disk Usage
user@6bd17d9c09bc:~$ 